{
  "RSpec": {
    "coverage": {
      "/Users/Evan/wedding_site/Wedding_app/config/environment.rb": [
        null,
        1,
        null,
        null,
        1
      ],
      "/Users/Evan/wedding_site/Wedding_app/config/application.rb": [
        1,
        null,
        null,
        1,
        1,
        1,
        1,
        1,
        1,
        null,
        null,
        null,
        null,
        1,
        null,
        1,
        1,
        null,
        null,
        null,
        null,
        null,
        null,
        null,
        null,
        null,
        null,
        null,
        1,
        1,
        null,
        1,
        null,
        null,
        null,
        null,
        null
      ],
      "/Users/Evan/wedding_site/Wedding_app/config/boot.rb": [
        null,
        1,
        null,
        1
      ],
      "/Users/Evan/wedding_site/Wedding_app/config/environments/test.rb": [
        1,
        null,
        null,
        null,
        null,
        null,
        null,
        1,
        null,
        null,
        null,
        null,
        1,
        null,
        null,
        1,
        1,
        null,
        null,
        1,
        1,
        null,
        null,
        1,
        null,
        null,
        1,
        null,
        null,
        null,
        null,
        1,
        null,
        null,
        1,
        null,
        null,
        null,
        null
      ],
      "/Users/Evan/wedding_site/Wedding_app/config/initializers/backtrace_silencers.rb": [
        null,
        null,
        null,
        null,
        null,
        null,
        null
      ],
      "/Users/Evan/wedding_site/Wedding_app/config/initializers/cookies_serializer.rb": [
        null,
        null,
        1
      ],
      "/Users/Evan/wedding_site/Wedding_app/config/initializers/filter_parameter_logging.rb": [
        null,
        null,
        null,
        1
      ],
      "/Users/Evan/wedding_site/Wedding_app/config/initializers/inflections.rb": [
        null,
        null,
        null,
        null,
        null,
        null,
        null,
        null,
        null,
        null,
        null,
        null,
        null,
        null,
        null,
        null
      ],
      "/Users/Evan/wedding_site/Wedding_app/config/initializers/mime_types.rb": [
        null,
        null,
        null,
        null
      ],
      "/Users/Evan/wedding_site/Wedding_app/config/initializers/session_store.rb": [
        null,
        null,
        1
      ],
      "/Users/Evan/wedding_site/Wedding_app/config/initializers/wrap_parameters.rb": [
        null,
        null,
        null,
        null,
        null,
        null,
        1,
        1,
        null,
        null,
        null,
        null,
        null,
        null
      ],
      "/Users/Evan/wedding_site/Wedding_app/config/routes.rb": [
        1,
        null,
        1,
        1,
        1,
        1,
        null,
        1,
        1,
        1,
        1,
        1,
        1,
        1,
        1,
        1,
        null,
        null,
        null,
        null,
        null,
        null,
        null,
        null,
        null,
        null,
        null,
        null,
        null,
        null,
        null,
        null,
        null,
        null,
        null,
        null,
        null,
        null,
        null,
        null,
        null,
        null,
        null,
        null,
        null,
        null,
        null,
        null,
        null,
        null,
        null,
        null,
        null,
        null,
        null,
        null,
        null,
        null,
        null,
        null,
        null,
        null,
        null,
        null,
        null,
        null,
        null,
        null,
        null,
        null,
        null,
        null
      ],
      "/Users/Evan/wedding_site/Wedding_app/app/helpers/application_helper.rb": [
        1,
        null
      ],
      "/Users/Evan/wedding_site/Wedding_app/app/jobs/email_job.rb": [
        1,
        1,
        null,
        1,
        3,
        null,
        null
      ],
      "/Users/Evan/wedding_site/Wedding_app/app/mailers/user_mailer.rb": [
        1,
        1,
        null,
        1,
        6,
        6,
        6,
        null,
        null,
        null
      ],
      "/Users/Evan/wedding_site/Wedding_app/app/models/user.rb": [
        1,
        null,
        1,
        null,
        1,
        null,
        null,
        1,
        1,
        null,
        null,
        null,
        null,
        null,
        null
      ],
      "/Users/Evan/wedding_site/Wedding_app/app/controllers/welcome_controller.rb": [
        1,
        null,
        1,
        null,
        null,
        null
      ],
      "/Users/Evan/wedding_site/Wedding_app/app/controllers/application_controller.rb": [
        1,
        null,
        null,
        1,
        null,
        1,
        null,
        1,
        207,
        null,
        null,
        1,
        2,
        2,
        2,
        5,
        1,
        1,
        null,
        null,
        2,
        null,
        null,
        1,
        11,
        11,
        27,
        27,
        null,
        null,
        null,
        null,
        null,
        1,
        1,
        13,
        null,
        null,
        null,
        1,
        26,
        2,
        2,
        2,
        null,
        null,
        null,
        1,
        9,
        9,
        1,
        1,
        null,
        8,
        null,
        null,
        null,
        null,
        null
      ],
      "/Users/Evan/wedding_site/Wedding_app/app/controllers/sessions_controller.rb": [
        1,
        null,
        1,
        null,
        27,
        null,
        null,
        null,
        1,
        27,
        27,
        26,
        26,
        16,
        null,
        26,
        26,
        null,
        1,
        1,
        1,
        null,
        null,
        null,
        1,
        5,
        5,
        5,
        5,
        null,
        null,
        1,
        0,
        null,
        null
      ],
      "/Users/Evan/wedding_site/Wedding_app/app/controllers/stories_controller.rb": [
        1,
        null,
        1,
        3,
        null,
        null,
        1,
        null,
        null
      ],
      "/Users/Evan/wedding_site/Wedding_app/app/models/food.rb": [
        1,
        1,
        1,
        null,
        1,
        1,
        null
      ],
      "/Users/Evan/wedding_site/Wedding_app/app/controllers/rsvps_controller.rb": [
        1,
        null,
        1,
        null,
        null,
        1,
        2,
        null,
        null,
        1,
        11,
        11,
        11,
        null,
        11,
        null,
        11,
        9,
        null,
        null,
        null,
        1,
        7,
        7,
        7,
        7,
        null,
        0,
        0,
        null,
        0,
        null,
        null,
        null,
        1,
        1,
        1,
        null,
        null,
        null,
        1,
        7,
        null,
        null,
        null
      ],
      "/Users/Evan/wedding_site/Wedding_app/app/models/rsvp.rb": [
        1,
        null,
        1,
        1,
        null,
        1,
        null,
        null,
        null,
        null,
        null,
        null,
        null,
        1,
        null,
        null,
        null,
        null,
        1,
        21,
        null,
        null,
        1,
        39,
        null,
        null,
        1,
        7,
        7,
        7,
        7,
        null,
        null,
        7,
        5,
        4,
        null,
        null,
        null,
        null,
        7,
        null,
        0,
        null,
        null,
        1,
        28,
        null,
        null,
        1,
        5,
        5,
        5,
        5,
        11,
        11,
        null,
        5,
        5,
        11,
        null,
        null,
        null,
        1,
        18,
        null,
        null,
        1,
        68,
        26,
        42,
        15,
        null,
        null,
        null,
        1,
        40,
        null,
        null,
        1,
        0,
        null,
        null,
        1,
        0,
        null,
        null,
        1,
        27,
        null,
        null,
        1,
        17,
        null,
        null,
        1,
        10,
        null,
        null
      ],
      "/Users/Evan/wedding_site/Wedding_app/app/models/guest.rb": [
        1,
        null,
        1,
        null,
        1,
        1,
        null
      ],
      "/Users/Evan/wedding_site/Wedding_app/app/controllers/users_controller.rb": [
        1,
        null,
        null,
        1,
        6,
        6,
        null,
        null,
        1,
        2,
        2,
        2,
        2,
        2,
        null,
        0,
        0,
        null,
        null,
        null,
        null,
        null,
        1,
        1,
        1,
        null,
        null,
        1,
        1,
        2,
        null,
        null,
        1,
        null,
        null,
        null,
        null,
        2,
        null,
        null
      ],
      "/Users/Evan/wedding_site/Wedding_app/app/controllers/password_resets_controller.rb": [
        1,
        1,
        1,
        1,
        null,
        null,
        null,
        1,
        2,
        2,
        null,
        2,
        1,
        1,
        1,
        null,
        1,
        null,
        null,
        null,
        null
      ],
      "/Users/Evan/wedding_site/Wedding_app/app/controllers/wedding_parties_controller.rb": [
        1,
        null,
        1,
        null,
        1,
        1,
        null,
        null,
        null
      ],
      "/Users/Evan/wedding_site/Wedding_app/app/models/wedding_party.rb": [
        1,
        null,
        null
      ],
      "/Users/Evan/wedding_site/Wedding_app/app/controllers/foods_controller.rb": [
        1,
        null,
        1,
        13,
        null,
        null,
        1,
        6,
        null,
        null,
        1,
        1,
        null,
        null,
        1,
        1,
        1,
        1,
        null,
        null,
        0,
        null,
        null,
        null,
        1,
        1,
        1,
        null,
        null,
        1,
        1,
        null,
        null,
        1,
        1,
        1,
        1,
        null,
        null,
        1,
        2,
        null,
        null,
        null
      ],
      "/Users/Evan/wedding_site/Wedding_app/app/controllers/comments_controller.rb": [
        1,
        null,
        1,
        2,
        null,
        null
      ]
    },
    "timestamp": 1405312147
  }
}
