{
  "RSpec": {
    "coverage": {
      "/Users/Evan/wedding_site/Wedding_app/app/helpers/application_helper.rb": [
        1,
        null
      ],
      "/Users/Evan/wedding_site/Wedding_app/app/jobs/email_job.rb": [
        1,
        1,
        null,
        1,
        3,
        null,
        null
      ],
      "/Users/Evan/wedding_site/Wedding_app/app/mailers/user_mailer.rb": [
        1,
        1,
        null,
        1,
        6,
        6,
        6,
        null,
        null,
        null
      ],
      "/Users/Evan/wedding_site/Wedding_app/app/models/user.rb": [
        1,
        null,
        1,
        null,
        1,
        null,
        null,
        1,
        1,
        null,
        null,
        null,
        null,
        null,
        null
      ],
      "/Users/Evan/wedding_site/Wedding_app/app/controllers/sessions_controller.rb": [
        1,
        null,
        1,
        30,
        null,
        null,
        1,
        30,
        30,
        29,
        29,
        18,
        null,
        29,
        29,
        null,
        1,
        1,
        1,
        null,
        null,
        null,
        1,
        5,
        5,
        null,
        null
      ],
      "/Users/Evan/wedding_site/Wedding_app/app/controllers/application_controller.rb": [
        1,
        null,
        null,
        1,
        null,
        1,
        null,
        1,
        238,
        null,
        null,
        1,
        2,
        2,
        2,
        5,
        1,
        1,
        null,
        null,
        2,
        null,
        null,
        1,
        12,
        12,
        30,
        30,
        null,
        null,
        null,
        null,
        null,
        1,
        1,
        16,
        null,
        null,
        null,
        1,
        28,
        2,
        2,
        2,
        null,
        null,
        null,
        1,
        10,
        10,
        1,
        1,
        null,
        9,
        null,
        null,
        null,
        null,
        null
      ],
      "/Users/Evan/wedding_site/Wedding_app/app/controllers/welcome_controller.rb": [
        1,
        null,
        1,
        null,
        null,
        null
      ],
      "/Users/Evan/wedding_site/Wedding_app/app/controllers/rsvps_controller.rb": [
        1,
        null,
        1,
        null,
        null,
        1,
        2,
        null,
        null,
        1,
        12,
        12,
        12,
        null,
        12,
        null,
        12,
        10,
        null,
        null,
        null,
        1,
        8,
        8,
        7,
        7,
        null,
        1,
        1,
        1,
        null,
        null,
        null,
        1,
        1,
        1,
        null,
        null,
        null,
        1,
        8,
        null,
        null,
        null
      ],
      "/Users/Evan/wedding_site/Wedding_app/app/controllers/comments_controller.rb": [
        1,
        null,
        1,
        2,
        null,
        null
      ],
      "/Users/Evan/wedding_site/Wedding_app/app/controllers/foods_controller.rb": [
        1,
        null,
        1,
        16,
        null,
        null,
        1,
        7,
        null,
        null,
        1,
        2,
        null,
        null,
        1,
        2,
        2,
        1,
        null,
        null,
        1,
        null,
        null,
        null,
        1,
        1,
        1,
        null,
        null,
        1,
        1,
        null,
        null,
        1,
        1,
        1,
        1,
        null,
        null,
        1,
        3,
        null,
        null,
        null
      ],
      "/Users/Evan/wedding_site/Wedding_app/app/models/food.rb": [
        1,
        1,
        1,
        null,
        1,
        1,
        null
      ],
      "/Users/Evan/wedding_site/Wedding_app/app/controllers/users_controller.rb": [
        1,
        null,
        null,
        1,
        7,
        7,
        null,
        null,
        1,
        3,
        3,
        2,
        2,
        2,
        null,
        1,
        1,
        null,
        null,
        null,
        null,
        1,
        1,
        1,
        null,
        null,
        1,
        1,
        3,
        null,
        null,
        1,
        null,
        null,
        null,
        null,
        3,
        null,
        null
      ],
      "/Users/Evan/wedding_site/Wedding_app/app/models/guest.rb": [
        1,
        null,
        1,
        null,
        1,
        1,
        null
      ],
      "/Users/Evan/wedding_site/Wedding_app/app/controllers/wedding_parties_controller.rb": [
        1,
        null,
        1,
        null,
        1,
        1,
        null,
        null,
        null
      ],
      "/Users/Evan/wedding_site/Wedding_app/app/models/wedding_party.rb": [
        1,
        null,
        null
      ],
      "/Users/Evan/wedding_site/Wedding_app/app/controllers/stories_controller.rb": [
        1,
        null,
        1,
        3,
        null,
        null,
        1,
        null,
        null
      ],
      "/Users/Evan/wedding_site/Wedding_app/app/models/rsvp.rb": [
        1,
        null,
        1,
        1,
        null,
        1,
        null,
        null,
        null,
        null,
        null,
        null,
        null,
        1,
        null,
        1,
        25,
        null,
        null,
        1,
        49,
        null,
        null,
        1,
        16,
        16,
        14,
        14,
        null,
        null,
        null,
        13,
        9,
        10,
        null,
        null,
        null,
        null,
        13,
        null,
        3,
        null,
        1,
        28,
        null,
        null,
        1,
        100,
        45,
        55,
        21,
        null,
        null,
        null,
        1,
        16,
        null,
        null,
        1,
        null,
        1,
        53,
        null,
        null,
        1,
        9,
        9,
        9,
        9,
        19,
        19,
        null,
        9,
        9,
        19,
        null,
        null,
        null,
        null,
        null,
        1,
        59,
        null,
        null,
        1,
        0,
        null,
        null,
        1,
        0,
        null,
        null,
        1,
        38,
        null,
        null,
        1,
        26,
        null,
        null
      ],
      "/Users/Evan/wedding_site/Wedding_app/app/controllers/password_resets_controller.rb": [
        1,
        1,
        1,
        1,
        null,
        null,
        1,
        2,
        2,
        null,
        2,
        1,
        1,
        1,
        null,
        1,
        null,
        null,
        null
      ]
    },
    "timestamp": 1405456417
  }
}
